E:\VS-2017\Friendly\Friendly\app\main.js
E:\VS-2017\Friendly\Friendly\app\main.js.map
E:\VS-2017\Friendly\Friendly\app\app.module.js
E:\VS-2017\Friendly\Friendly\app\app.module.js.map
E:\VS-2017\Friendly\Friendly\app\main.js
E:\VS-2017\Friendly\Friendly\app\main.js.map
E:\VS-2017\Friendly\Friendly\app\app.component.js
E:\VS-2017\Friendly\Friendly\app\app.component.js.map
E:\VS-2017\Friendly\Friendly\app\app.module.js
E:\VS-2017\Friendly\Friendly\app\app.module.js.map
E:\VS-2017\Friendly\Friendly\app\main.js
E:\VS-2017\Friendly\Friendly\app\main.js.map
E:\VS-2017\Friendly\Friendly\app\app.component.js
E:\VS-2017\Friendly\Friendly\app\app.component.js.map
E:\VS-2017\Friendly\Friendly\app\app.module.js
E:\VS-2017\Friendly\Friendly\app\app.module.js.map
E:\VS-2017\Friendly\Friendly\app\app.routing.js
E:\VS-2017\Friendly\Friendly\app\app.routing.js.map
E:\VS-2017\Friendly\Friendly\app\main.js
E:\VS-2017\Friendly\Friendly\app\main.js.map
E:\VS-2017\Friendly\Friendly\app\app.component.js
E:\VS-2017\Friendly\Friendly\app\app.component.js.map
E:\VS-2017\Friendly\Friendly\app\app.module.js
E:\VS-2017\Friendly\Friendly\app\app.module.js.map
E:\VS-2017\Friendly\Friendly\app\app.routing.js
E:\VS-2017\Friendly\Friendly\app\app.routing.js.map
E:\VS-2017\Friendly\Friendly\app\main.js
E:\VS-2017\Friendly\Friendly\app\main.js.map
E:\VS-2017\Friendly\Friendly\app\app.component.js
E:\VS-2017\Friendly\Friendly\app\app.component.js.map
E:\VS-2017\Friendly\Friendly\app\app.module.js
E:\VS-2017\Friendly\Friendly\app\app.module.js.map
E:\VS-2017\Friendly\Friendly\app\components\home.component.js
E:\VS-2017\Friendly\Friendly\app\components\home.component.js.map
E:\VS-2017\Friendly\Friendly\app\app.routing.js
E:\VS-2017\Friendly\Friendly\app\app.routing.js.map
E:\VS-2017\Friendly\Friendly\app\main.js
E:\VS-2017\Friendly\Friendly\app\main.js.map
